The system is: Windows - 10.0.17134 - AMD64
Compiling the C compiler identification source file "CMakeCCompilerId.c" succeeded.
Compiler: C:/Program Files (x86)/Microsoft Visual Studio/2017/Community/VC/Tools/MSVC/14.15.26726/bin/Hostx86/x86/cl.exe 
Build flags: 
Id flags:  

The output was:
0
Microsoft (R) C/C++ Optimizing Compiler Version 19.15.26726 for x86
Copyright (C) Microsoft Corporation.  All rights reserved.

CMakeCCompilerId.c
Microsoft (R) Incremental Linker Version 14.15.26726.0
Copyright (C) Microsoft Corporation.  All rights reserved.

/out:CMakeCCompilerId.exe 
CMakeCCompilerId.obj 


Compilation of the C compiler identification source "CMakeCCompilerId.c" produced "CMakeCCompilerId.exe"

Compilation of the C compiler identification source "CMakeCCompilerId.c" produced "CMakeCCompilerId.obj"

The C compiler identification is MSVC, found in "C:/Users/Harry/Ubuntu/ledger-app-burst/cmake-build-debug/CMakeFiles/3.12.2/CompilerIdC/CMakeCCompilerId.exe"

Determining if the C compiler works passed with the following output:
Change Dir: C:/Users/Harry/Ubuntu/ledger-app-burst/cmake-build-debug/CMakeFiles/CMakeTmp

Run Build Command:"nmake" "/nologo" "cmTC_346d3\fast"
	"C:\Program Files (x86)\Microsoft Visual Studio\2017\Community\VC\Tools\MSVC\14.15.26726\bin\HostX86\x86\nmake.exe" -f CMakeFiles\cmTC_346d3.dir\build.make /nologo -L                  CMakeFiles\cmTC_346d3.dir\build
Building C object CMakeFiles/cmTC_346d3.dir/testCCompiler.c.obj
	C:\PROGRA~2\MICROS~3\2017\COMMUN~1\VC\Tools\MSVC\1415~1.267\bin\Hostx86\x86\cl.exe @C:\Users\Harry\AppData\Local\Temp\nm2555.tmp
testCCompiler.c
Linking C executable cmTC_346d3.exe
	C:\Users\Harry\AppData\Local\JetBrains\Toolbox\apps\CLion\ch-0\182.4505.18\bin\cmake\win\bin\cmake.exe -E vs_link_exe --intdir=CMakeFiles\cmTC_346d3.dir --manifests  -- C:\PROGRA~2\MICROS~3\2017\COMMUN~1\VC\Tools\MSVC\1415~1.267\bin\Hostx86\x86\link.exe /nologo @CMakeFiles\cmTC_346d3.dir\objects1.rsp @C:\Users\Harry\AppData\Local\Temp\nm26AE.tmp


Detecting C compiler ABI info compiled with the following output:
Change Dir: C:/Users/Harry/Ubuntu/ledger-app-burst/cmake-build-debug/CMakeFiles/CMakeTmp

Run Build Command:"nmake" "/nologo" "cmTC_67b12\fast"
	"C:\Program Files (x86)\Microsoft Visual Studio\2017\Community\VC\Tools\MSVC\14.15.26726\bin\HostX86\x86\nmake.exe" -f CMakeFiles\cmTC_67b12.dir\build.make /nologo -L                  CMakeFiles\cmTC_67b12.dir\build
Building C object CMakeFiles/cmTC_67b12.dir/CMakeCCompilerABI.c.obj
	C:\PROGRA~2\MICROS~3\2017\COMMUN~1\VC\Tools\MSVC\1415~1.267\bin\Hostx86\x86\cl.exe @C:\Users\Harry\AppData\Local\Temp\nm28B1.tmp
CMakeCCompilerABI.c
Linking C executable cmTC_67b12.exe
	C:\Users\Harry\AppData\Local\JetBrains\Toolbox\apps\CLion\ch-0\182.4505.18\bin\cmake\win\bin\cmake.exe -E vs_link_exe --intdir=CMakeFiles\cmTC_67b12.dir --manifests  -- C:\PROGRA~2\MICROS~3\2017\COMMUN~1\VC\Tools\MSVC\1415~1.267\bin\Hostx86\x86\link.exe /nologo @CMakeFiles\cmTC_67b12.dir\objects1.rsp @C:\Users\Harry\AppData\Local\Temp\nm28F0.tmp




Detecting C [] compiler features compiled with the following output:
Change Dir: C:/Users/Harry/Ubuntu/ledger-app-burst/cmake-build-debug/CMakeFiles/CMakeTmp

Run Build Command:"nmake" "/nologo" "cmTC_60e2d\fast"
	"C:\Program Files (x86)\Microsoft Visual Studio\2017\Community\VC\Tools\MSVC\14.15.26726\bin\HostX86\x86\nmake.exe" -f CMakeFiles\cmTC_60e2d.dir\build.make /nologo -L                  CMakeFiles\cmTC_60e2d.dir\build
Building C object CMakeFiles/cmTC_60e2d.dir/feature_tests.c.obj
	C:\PROGRA~2\MICROS~3\2017\COMMUN~1\VC\Tools\MSVC\1415~1.267\bin\Hostx86\x86\cl.exe @C:\Users\Harry\AppData\Local\Temp\nm2AC4.tmp
feature_tests.c
Linking C executable cmTC_60e2d.exe
	C:\Users\Harry\AppData\Local\JetBrains\Toolbox\apps\CLion\ch-0\182.4505.18\bin\cmake\win\bin\cmake.exe -E vs_link_exe --intdir=CMakeFiles\cmTC_60e2d.dir --manifests  -- C:\PROGRA~2\MICROS~3\2017\COMMUN~1\VC\Tools\MSVC\1415~1.267\bin\Hostx86\x86\link.exe /nologo @CMakeFiles\cmTC_60e2d.dir\objects1.rsp @C:\Users\Harry\AppData\Local\Temp\nm2AF4.tmp


    Feature record: C_FEATURE:1c_function_prototypes
    Feature record: C_FEATURE:1c_variadic_macros
